2019-12-06 14:48:12: RateMe Server Starts running on: 8000
2019-12-06 14:48:12: RateMe Server Starts running on: 8000
2019-12-06 14:48:12: RateMe Server Starts running on: 8000
2019-12-06 14:48:13: RateMe Server Starts running on: 8000
2019-12-06 15:04:02: [0mPOST /reg [33m404 [0m2539.031 ms - 160[0m
2019-12-06 15:05:07: [0mPOST /reg [33m404 [0m276.638 ms - 160[0m
2019-12-06 15:06:01: RateMe Server Starts running on: 8000
2019-12-06 15:06:01: RateMe Server Starts running on: 8000
2019-12-06 15:06:01: RateMe Server Starts running on: 8000
2019-12-06 15:06:01: RateMe Server Starts running on: 8000
2019-12-06 15:06:45: [0mPOST /reg [33m404 [0m290.509 ms - 160[0m
2019-12-06 15:07:25: RateMe Server Starts running on: 8000
2019-12-06 15:07:25: RateMe Server Starts running on: 8000
2019-12-06 15:07:25: RateMe Server Starts running on: 8000
2019-12-06 15:07:25: RateMe Server Starts running on: 8000
2019-12-06 15:15:30: RateMe Server Starts running on: 8000
2019-12-06 15:15:30: RateMe Server Starts running on: 8000
2019-12-06 15:15:30: RateMe Server Starts running on: 8000
2019-12-06 15:15:30: RateMe Server Starts running on: 8000
2019-12-06 15:15:36: {"CLIENT-DATA":{"log-id":6302247,"API":"/reg","user-agent":"Mozilla/5.0 (X11; Linux x86_64) AppleWebKit/537.36 (KHTML, like Gecko) Chrome/75.0.3770.142 Safari/537.36","ip":"::1"}}
2019-12-06 15:17:49: {"CLIENT-DATA":{"log-id":4938576,"API":"/reg","user-agent":"Mozilla/5.0 (X11; Linux x86_64) AppleWebKit/537.36 (KHTML, like Gecko) Chrome/75.0.3770.142 Safari/537.36","ip":"::1"}}
2019-12-06 15:21:20: {"CLIENT-DATA":{"log-id":3944544,"API":"/reg","user-agent":"Mozilla/5.0 (X11; Linux x86_64) AppleWebKit/537.36 (KHTML, like Gecko) Chrome/75.0.3770.142 Safari/537.36","ip":"::1"}}
2019-12-06 15:21:39: RateMe Server Starts running on: 8000
2019-12-06 15:21:39: RateMe Server Starts running on: 8000
2019-12-06 15:21:39: RateMe Server Starts running on: 8000
2019-12-06 15:21:39: RateMe Server Starts running on: 8000
2019-12-06 15:21:47: undefined
2019-12-06 15:21:47: {"CLIENT-DATA":{"log-id":6770537,"API":"/reg","user-agent":"Mozilla/5.0 (X11; Linux x86_64) AppleWebKit/537.36 (KHTML, like Gecko) Chrome/75.0.3770.142 Safari/537.36","ip":"::1"}}
2019-12-06 15:23:16: RateMe Server Starts running on: 8000
2019-12-06 15:23:16: RateMe Server Starts running on: 8000
2019-12-06 15:23:16: RateMe Server Starts running on: 8000
2019-12-06 15:23:16: RateMe Server Starts running on: 8000
2019-12-06 15:23:25: undefined
2019-12-06 15:23:25: {"CLIENT-DATA":{"log-id":3207579,"API":"/reg","user-agent":"Mozilla/5.0 (X11; Linux x86_64) AppleWebKit/537.36 (KHTML, like Gecko) Chrome/75.0.3770.142 Safari/537.36","ip":"::1"}}
2019-12-06 15:24:17: RateMe Server Starts running on: 8000
2019-12-06 15:24:17: RateMe Server Starts running on: 8000
2019-12-06 15:24:17: RateMe Server Starts running on: 8000
2019-12-06 15:24:17: RateMe Server Starts running on: 8000
2019-12-06 15:24:21: undefined
2019-12-06 15:24:21: {"CLIENT-DATA":{"log-id":4910290,"API":"/reg","user-agent":"Mozilla/5.0 (X11; Linux x86_64) AppleWebKit/537.36 (KHTML, like Gecko) Chrome/75.0.3770.142 Safari/537.36","ip":"::1"}}
2019-12-06 15:29:24: RateMe Server Starts running on: 8000
2019-12-06 15:29:24: RateMe Server Starts running on: 8000
2019-12-06 15:29:24: RateMe Server Starts running on: 8000
2019-12-06 15:29:24: RateMe Server Starts running on: 8000
2019-12-06 15:29:35: undefined
2019-12-06 15:29:35: {"CLIENT-DATA":{"log-id":1805066,"API":"/reg","user-agent":"Mozilla/5.0 (X11; Linux x86_64) AppleWebKit/537.36 (KHTML, like Gecko) Chrome/75.0.3770.142 Safari/537.36","ip":"::1"}}
2019-12-06 15:30:39: RateMe Server Starts running on: 8000
2019-12-06 15:30:39: RateMe Server Starts running on: 8000
2019-12-06 15:30:39: RateMe Server Starts running on: 8000
2019-12-06 15:30:39: RateMe Server Starts running on: 8000
2019-12-06 15:30:44: { firstName: 'Prateek',
  lastName: 'Singh',
  password: '1234',
  gender: 'M',
  mobile: '9568997343' }
2019-12-06 15:30:44: {"CLIENT-DATA":{"log-id":5351949,"API":"/reg","user-agent":"Mozilla/5.0 (X11; Linux x86_64) AppleWebKit/537.36 (KHTML, like Gecko) Chrome/75.0.3770.142 Safari/537.36","ip":"::1"}}
2019-12-06 15:30:44: {"INFO":{"log-id":5351949,"API":"/reg","message":"Registration process starts for: Prateek Prateek"}}
2019-12-06 15:38:00: RateMe Server Starts running on: 8000
2019-12-06 15:38:00: RateMe Server Starts running on: 8000
2019-12-06 15:38:00: RateMe Server Starts running on: 8000
2019-12-06 15:38:00: RateMe Server Starts running on: 8000
2019-12-06 15:38:05: { firstName: 'Prateek',
  lastName: 'Singh',
  password: '1234',
  gender: 'M',
  mobile: '9568997343' }
2019-12-06 15:38:05: {"CLIENT-DATA":{"log-id":3654460,"API":"/reg","user-agent":"Mozilla/5.0 (X11; Linux x86_64) AppleWebKit/537.36 (KHTML, like Gecko) Chrome/75.0.3770.142 Safari/537.36","ip":"::1"}}
2019-12-06 15:38:05: {"INFO":{"log-id":3654460,"API":"/reg","message":"Registration process starts for: Prateek Prateek"}}
2019-12-06 15:38:21: { firstName: 'Prateek',
  lastName: 'Singh',
  password: '1234',
  gender: 'M',
  mobile: '9568997343' }
2019-12-06 15:38:21: {"CLIENT-DATA":{"log-id":5461690,"API":"/reg","user-agent":"Mozilla/5.0 (X11; Linux x86_64) AppleWebKit/537.36 (KHTML, like Gecko) Chrome/75.0.3770.142 Safari/537.36","ip":"::1"}}
2019-12-06 15:38:21: {"INFO":{"log-id":5461690,"API":"/reg","message":"Registration process starts for: Prateek Prateek"}}
2019-12-06 15:38:33: RateMe Server Starts running on: 8000
2019-12-06 15:38:33: RateMe Server Starts running on: 8000
2019-12-06 15:38:34: RateMe Server Starts running on: 8000
2019-12-06 15:38:34: RateMe Server Starts running on: 8000
2019-12-06 15:38:35: { firstName: 'Prateek',
  lastName: 'Singh',
  password: '1234',
  gender: 'M',
  mobile: '9568997343' }
2019-12-06 15:38:35: {"CLIENT-DATA":{"log-id":4773472,"API":"/reg","user-agent":"Mozilla/5.0 (X11; Linux x86_64) AppleWebKit/537.36 (KHTML, like Gecko) Chrome/75.0.3770.142 Safari/537.36","ip":"::1"}}
2019-12-06 15:38:35: {"INFO":{"log-id":4773472,"API":"/reg","message":"Registration process starts for: Prateek Prateek"}}
2019-12-06 15:39:29: RateMe Server Starts running on: 8000
2019-12-06 15:39:29: RateMe Server Starts running on: 8000
2019-12-06 15:39:29: RateMe Server Starts running on: 8000
2019-12-06 15:39:29: RateMe Server Starts running on: 8000
2019-12-06 15:39:36: { firstName: 'Prateek',
  lastName: 'Singh',
  password: '1234',
  gender: 'M',
  mobile: '9568997343' }
2019-12-06 15:39:36: {"CLIENT-DATA":{"log-id":6603650,"API":"/reg","user-agent":"Mozilla/5.0 (X11; Linux x86_64) AppleWebKit/537.36 (KHTML, like Gecko) Chrome/75.0.3770.142 Safari/537.36","ip":"::1"}}
2019-12-06 15:39:36: {"INFO":{"log-id":6603650,"API":"/reg","message":"Registration process starts for: Prateek Singh"}}
2019-12-06 15:39:38: { firstName: 'Prateek',
  lastName: 'Singh',
  password: '1234',
  gender: 'M',
  mobile: '9568997343' }
2019-12-06 15:39:38: {"CLIENT-DATA":{"log-id":3250658,"API":"/reg","user-agent":"Mozilla/5.0 (X11; Linux x86_64) AppleWebKit/537.36 (KHTML, like Gecko) Chrome/75.0.3770.142 Safari/537.36","ip":"::1"}}
2019-12-06 15:39:38: {"INFO":{"log-id":3250658,"API":"/reg","message":"Registration process starts for: Prateek Singh"}}
2019-12-06 15:40:15: RateMe Server Starts running on: 8000
2019-12-06 15:40:15: RateMe Server Starts running on: 8000
2019-12-06 15:40:15: RateMe Server Starts running on: 8000
2019-12-06 15:40:15: RateMe Server Starts running on: 8000
2019-12-06 15:40:25: { firstName: 'Prateek',
  lastName: 'Singh',
  password: '1234',
  gender: 'M',
  mobile: '9568997343' }
2019-12-06 15:40:26: RateMe Server Starts running on: 8000
2019-12-06 15:40:29: { firstName: 'Prateek',
  lastName: 'Singh',
  password: '1234',
  gender: 'M',
  mobile: '9568997343' }
2019-12-06 15:40:29: RateMe Server Starts running on: 8000
2019-12-06 15:40:36: { firstName: 'Prateek',
  lastName: 'Singh',
  password: '1234',
  gender: 'M',
  mobile: '9568997343' }
2019-12-06 15:40:37: RateMe Server Starts running on: 8000
2019-12-06 15:40:50: RateMe Server Starts running on: 8000
2019-12-06 15:40:50: RateMe Server Starts running on: 8000
2019-12-06 15:40:51: RateMe Server Starts running on: 8000
2019-12-06 15:40:51: RateMe Server Starts running on: 8000
2019-12-06 15:40:53: { firstName: 'Prateek',
  lastName: 'Singh',
  password: '1234',
  gender: 'M',
  mobile: '9568997343' }
2019-12-06 15:40:54: RateMe Server Starts running on: 8000
2019-12-06 15:41:08: { firstName: 'Prateek',
  lastName: 'Singh',
  password: '1234',
  gender: 'M',
  mobile: '9568997343' }
2019-12-06 15:41:08: RateMe Server Starts running on: 8000
2019-12-06 15:41:19: RateMe Server Starts running on: 8000
2019-12-06 15:41:19: RateMe Server Starts running on: 8000
2019-12-06 15:41:19: RateMe Server Starts running on: 8000
2019-12-06 15:41:19: RateMe Server Starts running on: 8000
2019-12-06 15:41:24: { firstName: 'Prateek',
  lastName: 'Singh',
  password: '1234',
  gender: 'M',
  mobile: '9568997343' }
2019-12-06 15:41:24: RateMe Server Starts running on: 8000
2019-12-06 15:42:30: RateMe Server Starts running on: 8000
2019-12-06 15:42:30: RateMe Server Starts running on: 8000
2019-12-06 15:42:30: RateMe Server Starts running on: 8000
2019-12-06 15:42:30: RateMe Server Starts running on: 8000
2019-12-06 15:42:34: { firstName: 'Prateek',
  lastName: 'Singh',
  password: '1234',
  gender: 'M',
  mobile: '9568997343' }
2019-12-06 15:42:34: {"CLIENT-DATA":{"log-id":3270932,"API":"/reg","user-agent":"Mozilla/5.0 (X11; Linux x86_64) AppleWebKit/537.36 (KHTML, like Gecko) Chrome/75.0.3770.142 Safari/537.36","ip":"::1"}}
2019-12-06 15:42:34: {"INFO":{"log-id":3270932,"API":"/reg","message":"Registration process starts for: Prateek Singh"}}
2019-12-06 15:42:35: {"ERROR":{"log-id":3270932,"API":"/reg","message":"NA"}}
2019-12-06 15:42:35: RateMe Server Starts running on: 8000
2019-12-06 15:43:37: RateMe Server Starts running on: 8000
2019-12-06 15:43:37: RateMe Server Starts running on: 8000
2019-12-06 15:43:38: RateMe Server Starts running on: 8000
2019-12-06 15:43:38: RateMe Server Starts running on: 8000
2019-12-06 15:43:41: {"CLIENT-DATA":{"log-id":5302568,"API":"/reg","user-agent":"Mozilla/5.0 (X11; Linux x86_64) AppleWebKit/537.36 (KHTML, like Gecko) Chrome/75.0.3770.142 Safari/537.36","ip":"::1"}}
2019-12-06 15:43:41: {"INFO":{"log-id":5302568,"API":"/reg","message":"Registration process starts for: Prateek Singh"}}
2019-12-06 15:43:41: {"SUCCESS":{"log-id":5302568,"API":"/reg","message":"Registration process SUCCESS for: Prateek Prateek"}}
2019-12-06 15:43:42: RateMe Server Starts running on: 8000
2019-12-06 15:44:29: RateMe Server Starts running on: 8000
2019-12-06 15:44:29: RateMe Server Starts running on: 8000
2019-12-06 15:44:30: RateMe Server Starts running on: 8000
2019-12-06 15:44:30: RateMe Server Starts running on: 8000
2019-12-06 15:44:32: {"CLIENT-DATA":{"log-id":2414107,"API":"/reg","user-agent":"Mozilla/5.0 (X11; Linux x86_64) AppleWebKit/537.36 (KHTML, like Gecko) Chrome/75.0.3770.142 Safari/537.36","ip":"::1"}}
2019-12-06 15:44:32: {"INFO":{"log-id":2414107,"API":"/reg","message":"Registration process starts for: Prateek Singh"}}
2019-12-06 15:44:32: {"SUCCESS":{"log-id":2414107,"API":"/reg","message":"Registration process SUCCESS for: Prateek Singh"}}
2019-12-06 16:05:43: {"CLIENT-DATA":{"log-id":3290543,"API":"/reg","user-agent":"Mozilla/5.0 (X11; Linux x86_64) AppleWebKit/537.36 (KHTML, like Gecko) Chrome/75.0.3770.142 Safari/537.36","ip":"::1"}}
2019-12-06 16:05:43: {"INFO":{"log-id":3290543,"API":"/reg","message":"Registration process starts for: Prateek Singh"}}
2019-12-06 16:05:43: {"SUCCESS":{"log-id":3290543,"API":"/reg","message":"Registration process SUCCESS for: Prateek Singh"}}
2019-12-06 16:28:16: {"CLIENT-DATA":{"log-id":8282469,"API":"/reg","user-agent":"Mozilla/5.0 (X11; Linux x86_64) AppleWebKit/537.36 (KHTML, like Gecko) Chrome/75.0.3770.142 Safari/537.36","ip":"::1"}}
2019-12-06 16:28:16: {"INFO":{"log-id":8282469,"API":"/reg","message":"Registration process starts for: Prateek Singh"}}
2019-12-06 16:28:16: {"SUCCESS":{"log-id":8282469,"API":"/reg","message":"Registration process SUCCESS for: Prateek Singh"}}
2019-12-06 16:29:00: RateMe Server Starts running on: 8000
2019-12-06 16:29:00: RateMe Server Starts running on: 8000
2019-12-06 16:29:00: RateMe Server Starts running on: 8000
2019-12-06 16:29:00: RateMe Server Starts running on: 8000
2019-12-06 16:29:07: {"CLIENT-DATA":{"log-id":5615590,"API":"/reg","user-agent":"Mozilla/5.0 (X11; Linux x86_64) AppleWebKit/537.36 (KHTML, like Gecko) Chrome/75.0.3770.142 Safari/537.36","ip":"::1"}}
2019-12-06 16:29:07: {"INFO":{"log-id":5615590,"API":"/reg","message":"Registration process starts for: Prateek Singh"}}
2019-12-06 16:29:07: {"SUCCESS":{"log-id":5615590,"API":"/reg","message":"Registration process SUCCESS for: Prateek Singh"}}
2019-12-06 16:35:42: {"CLIENT-DATA":{"log-id":6117225,"API":"/reg","user-agent":"Mozilla/5.0 (X11; Linux x86_64) AppleWebKit/537.36 (KHTML, like Gecko) Chrome/75.0.3770.142 Safari/537.36","ip":"::1"}}
2019-12-06 16:35:42: {"INFO":{"log-id":6117225,"API":"/reg","message":"Registration process starts for: Prateek Singh"}}
2019-12-06 16:35:42: {"SUCCESS":{"log-id":6117225,"API":"/reg","message":"Registration process SUCCESS for: Prateek Singh"}}
2019-12-06 16:36:03: RateMe Server Starts running on: 8000
2019-12-06 16:36:03: RateMe Server Starts running on: 8000
2019-12-06 16:36:04: RateMe Server Starts running on: 8000
2019-12-06 16:36:04: RateMe Server Starts running on: 8000
2019-12-06 16:38:33: RateMe Server Starts running on: 8000
2019-12-06 16:38:34: RateMe Server Starts running on: 8000
2019-12-06 16:38:34: RateMe Server Starts running on: 8000
2019-12-06 16:38:34: RateMe Server Starts running on: 8000
2019-12-06 16:38:53: RateMe Server Starts running on: 8000
2019-12-06 16:38:53: RateMe Server Starts running on: 8000
2019-12-06 16:38:54: RateMe Server Starts running on: 8000
2019-12-06 16:38:54: RateMe Server Starts running on: 8000
2019-12-06 16:38:59: {"CLIENT-DATA":{"log-id":8220579,"API":"/reg","user-agent":"Mozilla/5.0 (X11; Linux x86_64) AppleWebKit/537.36 (KHTML, like Gecko) Chrome/75.0.3770.142 Safari/537.36","ip":"::1"}}
2019-12-06 16:38:59: {"INFO":{"log-id":8220579,"API":"/reg","message":"Registration process starts for: Prateek Singh"}}
2019-12-06 16:38:59: {"SUCCESS":{"log-id":8220579,"API":"/reg","message":"Registration process SUCCESS for: Prateek Singh"}}
2019-12-06 16:39:53: RateMe Server Starts running on: 8000
2019-12-06 16:39:53: RateMe Server Starts running on: 8000
2019-12-06 16:39:53: RateMe Server Starts running on: 8000
2019-12-06 16:39:53: RateMe Server Starts running on: 8000
2019-12-06 16:39:57: {"CLIENT-DATA":{"log-id":9079159,"API":"/reg","user-agent":"Mozilla/5.0 (X11; Linux x86_64) AppleWebKit/537.36 (KHTML, like Gecko) Chrome/75.0.3770.142 Safari/537.36","ip":"::1"}}
2019-12-06 16:39:57: {"INFO":{"log-id":9079159,"API":"/reg","message":"Registration process starts for: Prateek Singh"}}
2019-12-06 16:39:57: {"SUCCESS":{"log-id":9079159,"API":"/reg","message":"Registration process SUCCESS for: Prateek Singh"}}
2019-12-06 16:41:42: RateMe Server Starts running on: 8000
2019-12-06 16:41:42: (node:30989) DeprecationWarning: collection.ensureIndex is deprecated. Use createIndexes instead.
2019-12-06 16:41:42: RateMe Server Starts running on: 8000
2019-12-06 16:41:42: (node:30995) DeprecationWarning: collection.ensureIndex is deprecated. Use createIndexes instead.
2019-12-06 16:41:42: RateMe Server Starts running on: 8000
2019-12-06 16:41:42: RateMe Server Starts running on: 8000
2019-12-06 16:41:42: (node:31007) DeprecationWarning: collection.ensureIndex is deprecated. Use createIndexes instead.
2019-12-06 16:41:42: (node:31005) DeprecationWarning: collection.ensureIndex is deprecated. Use createIndexes instead.
2019-12-06 16:41:49: {"CLIENT-DATA":{"log-id":8875521,"API":"/reg","user-agent":"Mozilla/5.0 (X11; Linux x86_64) AppleWebKit/537.36 (KHTML, like Gecko) Chrome/75.0.3770.142 Safari/537.36","ip":"::1"}}
2019-12-06 16:41:49: {"INFO":{"log-id":8875521,"API":"/reg","message":"Registration process starts for: Prateek Singh"}}
2019-12-06 16:41:49: {"ERROR":{"log-id":8875521,"API":"/reg","message":{"driver":true,"name":"MongoError","index":0,"code":11000,"errmsg":"insertDocument :: caused by :: 11000 E11000 duplicate key error index: test_rate_me.users.$mobile_1  dup key: { : \"9568997343\" }"}}}
2019-12-06 16:41:50: RateMe Server Starts running on: 8000
2019-12-06 16:41:50: (node:31053) DeprecationWarning: collection.ensureIndex is deprecated. Use createIndexes instead.
2019-12-06 16:57:51: RateMe Server Starts running on: 8000
2019-12-06 16:57:51: (node:32038) DeprecationWarning: collection.ensureIndex is deprecated. Use createIndexes instead.
2019-12-06 16:57:51: RateMe Server Starts running on: 8000
2019-12-06 16:57:51: (node:32040) DeprecationWarning: collection.ensureIndex is deprecated. Use createIndexes instead.
2019-12-06 16:57:51: RateMe Server Starts running on: 8000
2019-12-06 16:57:51: (node:32054) DeprecationWarning: collection.ensureIndex is deprecated. Use createIndexes instead.
2019-12-06 16:57:51: RateMe Server Starts running on: 8000
2019-12-06 16:57:51: (node:32061) DeprecationWarning: collection.ensureIndex is deprecated. Use createIndexes instead.
2019-12-06 16:57:55: {"CLIENT-DATA":{"log-id":8033619,"API":"/reg","user-agent":"Mozilla/5.0 (X11; Linux x86_64) AppleWebKit/537.36 (KHTML, like Gecko) Chrome/75.0.3770.142 Safari/537.36","ip":"::1"}}
2019-12-06 16:57:55: {"INFO":{"log-id":8033619,"API":"/reg","message":"Registration process starts for: Prateek Singh"}}
2019-12-06 16:57:55: {"ERROR":{"log-id":8033619,"API":"/reg","message":{"driver":true,"name":"MongoError","index":0,"code":11000,"errmsg":"insertDocument :: caused by :: 11000 E11000 duplicate key error index: test_rate_me.users.$mobile_1  dup key: { : \"9568997343\" }"}}}
2019-12-06 16:58:14: {"CLIENT-DATA":{"log-id":2252423,"API":"/reg","user-agent":"Mozilla/5.0 (X11; Linux x86_64) AppleWebKit/537.36 (KHTML, like Gecko) Chrome/75.0.3770.142 Safari/537.36","ip":"::1"}}
2019-12-06 16:58:14: {"INFO":{"log-id":2252423,"API":"/reg","message":"Registration process starts for: Prateek Singh"}}
2019-12-06 16:58:14: {"SUCCESS":{"log-id":2252423,"API":"/reg","message":"Registration process SUCCESS for: Prateek Singh"}}
2019-12-06 16:58:39: {"CLIENT-DATA":{"log-id":8211177,"API":"/reg","user-agent":"Mozilla/5.0 (X11; Linux x86_64) AppleWebKit/537.36 (KHTML, like Gecko) Chrome/75.0.3770.142 Safari/537.36","ip":"::1"}}
2019-12-06 16:58:39: {"INFO":{"log-id":8211177,"API":"/reg","message":"Registration process starts for: undefined Singh"}}
2019-12-06 16:58:39: {"ERROR":{"log-id":8211177,"API":"/reg","message":{"errors":{"firstName":{"message":"Path `firstName` is required.","name":"ValidatorError","properties":{"message":"Path `firstName` is required.","type":"required","path":"firstName"},"kind":"required","path":"firstName"}},"_message":"User validation failed","message":"User validation failed: firstName: Path `firstName` is required.","name":"ValidationError"}}}
2019-12-17 12:08:08: Server Running
2019-12-17 12:08:08: Server Running
2019-12-17 12:08:08: Server Running
2019-12-17 12:08:08: Server Running
2019-12-17 12:08:08: (node:11713) DeprecationWarning: collection.ensureIndex is deprecated. Use createIndexes instead.
2019-12-17 12:08:08: (node:11699) DeprecationWarning: collection.ensureIndex is deprecated. Use createIndexes instead.
2019-12-17 12:08:08: (node:11706) DeprecationWarning: collection.ensureIndex is deprecated. Use createIndexes instead.
2019-12-17 12:08:08: (node:11720) DeprecationWarning: collection.ensureIndex is deprecated. Use createIndexes instead.
2019-12-17 12:08:40: {"CLIENT-DATA":{"log-id":8707350,"API":"/login","user-agent":"Mozilla/5.0 (X11; Linux x86_64) AppleWebKit/537.36 (KHTML, like Gecko) Chrome/75.0.3770.142 Safari/537.36","ip":"::1"}}
2019-12-17 12:08:40: {"INFO":{"log-id":8707350,"API":"/login","message":"Login process starts for: 9568997343"}}
2019-12-17 12:10:11: Server Running
2019-12-17 12:10:11: Server Running
2019-12-17 12:10:11: (node:11928) DeprecationWarning: collection.ensureIndex is deprecated. Use createIndexes instead.
2019-12-17 12:10:11: (node:11922) DeprecationWarning: collection.ensureIndex is deprecated. Use createIndexes instead.
2019-12-17 12:10:11: Server Running
2019-12-17 12:10:11: (node:11938) DeprecationWarning: collection.ensureIndex is deprecated. Use createIndexes instead.
2019-12-17 12:10:11: Server Running
2019-12-17 12:10:11: (node:11945) DeprecationWarning: collection.ensureIndex is deprecated. Use createIndexes instead.
2019-12-17 12:10:14: {"CLIENT-DATA":{"log-id":1420497,"API":"/login","user-agent":"Mozilla/5.0 (X11; Linux x86_64) AppleWebKit/537.36 (KHTML, like Gecko) Chrome/75.0.3770.142 Safari/537.36","ip":"::1"}}
2019-12-17 12:10:14: {"INFO":{"log-id":1420497,"API":"/login","message":"Login process starts for: 9568997343"}}
2019-12-17 12:12:14: {"CLIENT-DATA":{"log-id":3982614,"API":"/login","user-agent":"Mozilla/5.0 (X11; Linux x86_64) AppleWebKit/537.36 (KHTML, like Gecko) Chrome/75.0.3770.142 Safari/537.36","ip":"::1"}}
2019-12-17 12:12:14: {"INFO":{"log-id":3982614,"API":"/login","message":"Login process starts for: 9568997343"}}
2019-12-17 12:12:35: (node:12133) DeprecationWarning: collection.ensureIndex is deprecated. Use createIndexes instead.
2019-12-17 12:12:35: Server Running
2019-12-17 12:12:35: Server Running
2019-12-17 12:12:35: (node:12127) DeprecationWarning: collection.ensureIndex is deprecated. Use createIndexes instead.
2019-12-17 12:12:35: Server Running
2019-12-17 12:12:35: (node:12143) DeprecationWarning: collection.ensureIndex is deprecated. Use createIndexes instead.
2019-12-17 12:12:35: Server Running
2019-12-17 12:12:35: (node:12149) DeprecationWarning: collection.ensureIndex is deprecated. Use createIndexes instead.
2019-12-17 12:12:37: {"CLIENT-DATA":{"log-id":1294519,"API":"/login","user-agent":"Mozilla/5.0 (X11; Linux x86_64) AppleWebKit/537.36 (KHTML, like Gecko) Chrome/75.0.3770.142 Safari/537.36","ip":"::1"}}
2019-12-17 12:12:37: {"INFO":{"log-id":1294519,"API":"/login","message":"Login process starts for: 9568997343"}}
2019-12-17 12:13:21: Server Running
2019-12-17 12:13:21: (node:12249) DeprecationWarning: collection.ensureIndex is deprecated. Use createIndexes instead.
2019-12-17 12:13:21: Server Running
2019-12-17 12:13:22: (node:12255) DeprecationWarning: collection.ensureIndex is deprecated. Use createIndexes instead.
2019-12-17 12:13:22: Server Running
2019-12-17 12:13:22: (node:12265) DeprecationWarning: collection.ensureIndex is deprecated. Use createIndexes instead.
2019-12-17 12:13:22: Server Running
2019-12-17 12:13:22: (node:12272) DeprecationWarning: collection.ensureIndex is deprecated. Use createIndexes instead.
2019-12-17 12:13:23: {"CLIENT-DATA":{"log-id":1993301,"API":"/login","user-agent":"Mozilla/5.0 (X11; Linux x86_64) AppleWebKit/537.36 (KHTML, like Gecko) Chrome/75.0.3770.142 Safari/537.36","ip":"::1"}}
2019-12-17 12:13:23: {"INFO":{"log-id":1993301,"API":"/login","message":"Login process starts for: 9568997343"}}
2019-12-17 12:13:38: Server Running
2019-12-17 12:13:38: (node:12357) DeprecationWarning: collection.ensureIndex is deprecated. Use createIndexes instead.
2019-12-17 12:13:38: Server Running
2019-12-17 12:13:38: (node:12353) DeprecationWarning: collection.ensureIndex is deprecated. Use createIndexes instead.
2019-12-17 12:13:38: Server Running
2019-12-17 12:13:38: Server Running
2019-12-17 12:13:38: (node:12369) DeprecationWarning: collection.ensureIndex is deprecated. Use createIndexes instead.
2019-12-17 12:13:38: (node:12375) DeprecationWarning: collection.ensureIndex is deprecated. Use createIndexes instead.
2019-12-17 12:13:40: {"CLIENT-DATA":{"log-id":4017957,"API":"/login","user-agent":"Mozilla/5.0 (X11; Linux x86_64) AppleWebKit/537.36 (KHTML, like Gecko) Chrome/75.0.3770.142 Safari/537.36","ip":"::1"}}
2019-12-17 12:13:40: {"INFO":{"log-id":4017957,"API":"/login","message":"Login process starts for: 9568997343"}}
2019-12-17 12:13:40: {"SUCCESS":{"log-id":4017957,"API":"/login","message":"Login process SUCCESS for: { settings: { notification: 1 },\n  role: 1,\n  status: 1,\n  _id: 5dea370587da2c785db95f70,\n  password: '1234',\n  firstName: 'Prateek',\n  lastName: 'Singh',\n  fullName: 'Prateek Singh',\n  email: 'prateek3693@gmail.com',\n  gender: 'M',\n  mobile: '9568997343',\n  created: '1575630597149',\n  ratingCount: 0,\n  updated: 2019-12-06T11:09:57.156Z,\n  ratings: [],\n  contacts: [],\n  __v: 0 }"}}
2019-12-17 12:13:48: {"CLIENT-DATA":{"log-id":3672842,"API":"/login","user-agent":"Mozilla/5.0 (X11; Linux x86_64) AppleWebKit/537.36 (KHTML, like Gecko) Chrome/75.0.3770.142 Safari/537.36","ip":"::1"}}
2019-12-17 12:13:48: {"INFO":{"log-id":3672842,"API":"/login","message":"Login process starts for: 9568997343"}}
2019-12-17 12:13:48: {"SUCCESS":{"log-id":3672842,"API":"/login","message":"Login process SUCCESS for: "}}
2019-12-17 12:13:50: {"CLIENT-DATA":{"log-id":4677303,"API":"/login","user-agent":"Mozilla/5.0 (X11; Linux x86_64) AppleWebKit/537.36 (KHTML, like Gecko) Chrome/75.0.3770.142 Safari/537.36","ip":"::1"}}
2019-12-17 12:13:50: {"INFO":{"log-id":4677303,"API":"/login","message":"Login process starts for: 9568997343"}}
2019-12-17 12:13:50: {"SUCCESS":{"log-id":4677303,"API":"/login","message":"Login process SUCCESS for: "}}
2019-12-17 12:13:59: {"CLIENT-DATA":{"log-id":1097846,"API":"/login","user-agent":"Mozilla/5.0 (X11; Linux x86_64) AppleWebKit/537.36 (KHTML, like Gecko) Chrome/75.0.3770.142 Safari/537.36","ip":"::1"}}
2019-12-17 12:13:59: {"INFO":{"log-id":1097846,"API":"/login","message":"Login process starts for: 9568997343"}}
2019-12-17 12:13:59: {"SUCCESS":{"log-id":1097846,"API":"/login","message":"Login process SUCCESS for: "}}
2019-12-17 12:14:32: Server Running
2019-12-17 12:14:32: (node:12474) DeprecationWarning: collection.ensureIndex is deprecated. Use createIndexes instead.
2019-12-17 12:14:32: Server Running
2019-12-17 12:14:32: (node:12468) DeprecationWarning: collection.ensureIndex is deprecated. Use createIndexes instead.
2019-12-17 12:14:32: Server Running
2019-12-17 12:14:32: Server Running
2019-12-17 12:14:32: (node:12490) DeprecationWarning: collection.ensureIndex is deprecated. Use createIndexes instead.
2019-12-17 12:14:32: (node:12484) DeprecationWarning: collection.ensureIndex is deprecated. Use createIndexes instead.
2019-12-17 12:14:37: {"CLIENT-DATA":{"log-id":8620889,"API":"/login","user-agent":"Mozilla/5.0 (X11; Linux x86_64) AppleWebKit/537.36 (KHTML, like Gecko) Chrome/75.0.3770.142 Safari/537.36","ip":"::1"}}
2019-12-17 12:14:37: {"INFO":{"log-id":8620889,"API":"/login","message":"Login process starts for: 9568997343"}}
2019-12-17 12:14:37: {"SUCCESS":{"log-id":8620889,"API":"/login","message":"Login process SUCCESS for: []"}}
2019-12-17 12:14:47: {"CLIENT-DATA":{"log-id":5313515,"API":"/login","user-agent":"Mozilla/5.0 (X11; Linux x86_64) AppleWebKit/537.36 (KHTML, like Gecko) Chrome/75.0.3770.142 Safari/537.36","ip":"::1"}}
2019-12-17 12:14:47: {"INFO":{"log-id":5313515,"API":"/login","message":"Login process starts for: 9568997343"}}
2019-12-17 12:14:47: {"SUCCESS":{"log-id":5313515,"API":"/login","message":"Login process SUCCESS for: [{\"settings\":{\"notification\":1},\"role\":1,\"status\":1,\"_id\":\"5dea370587da2c785db95f70\",\"password\":\"1234\",\"firstName\":\"Prateek\",\"lastName\":\"Singh\",\"fullName\":\"Prateek Singh\",\"email\":\"prateek3693@gmail.com\",\"gender\":\"M\",\"mobile\":\"9568997343\",\"created\":\"1575630597149\",\"ratingCount\":0,\"updated\":\"2019-12-06T11:09:57.156Z\",\"ratings\":[],\"contacts\":[],\"__v\":0}]"}}
2019-12-17 12:14:51: {"CLIENT-DATA":{"log-id":2644694,"API":"/login","user-agent":"Mozilla/5.0 (X11; Linux x86_64) AppleWebKit/537.36 (KHTML, like Gecko) Chrome/75.0.3770.142 Safari/537.36","ip":"::1"}}
2019-12-17 12:14:51: {"INFO":{"log-id":2644694,"API":"/login","message":"Login process starts for: 9568997343"}}
2019-12-17 12:14:51: {"SUCCESS":{"log-id":2644694,"API":"/login","message":"Login process SUCCESS for: [{\"settings\":{\"notification\":1},\"role\":1,\"status\":1,\"_id\":\"5dea370587da2c785db95f70\",\"password\":\"1234\",\"firstName\":\"Prateek\",\"lastName\":\"Singh\",\"fullName\":\"Prateek Singh\",\"email\":\"prateek3693@gmail.com\",\"gender\":\"M\",\"mobile\":\"9568997343\",\"created\":\"1575630597149\",\"ratingCount\":0,\"updated\":\"2019-12-06T11:09:57.156Z\",\"ratings\":[],\"contacts\":[],\"__v\":0}]"}}
2019-12-17 12:15:50: Server Running
2019-12-17 12:15:50: (node:12661) DeprecationWarning: collection.ensureIndex is deprecated. Use createIndexes instead.
2019-12-17 12:15:50: Server Running
2019-12-17 12:15:50: (node:12655) DeprecationWarning: collection.ensureIndex is deprecated. Use createIndexes instead.
2019-12-17 12:15:50: Server Running
2019-12-17 12:15:50: (node:12681) DeprecationWarning: collection.ensureIndex is deprecated. Use createIndexes instead.
2019-12-17 12:15:50: Server Running
2019-12-17 12:15:50: (node:12671) DeprecationWarning: collection.ensureIndex is deprecated. Use createIndexes instead.
2019-12-17 12:15:51: {"CLIENT-DATA":{"log-id":2202551,"API":"/login","user-agent":"Mozilla/5.0 (X11; Linux x86_64) AppleWebKit/537.36 (KHTML, like Gecko) Chrome/75.0.3770.142 Safari/537.36","ip":"::1"}}
2019-12-17 12:15:51: {"INFO":{"log-id":2202551,"API":"/login","message":"Login process starts for: 9568997343"}}
2019-12-17 12:15:51: {"SUCCESS":{"log-id":2202551,"API":"/login","message":"Login process SUCCESS for: Prateek Singh"}}
2019-12-17 12:16:05: {"CLIENT-DATA":{"log-id":4130966,"API":"/login","user-agent":"Mozilla/5.0 (X11; Linux x86_64) AppleWebKit/537.36 (KHTML, like Gecko) Chrome/75.0.3770.142 Safari/537.36","ip":"::1"}}
2019-12-17 12:16:05: {"INFO":{"log-id":4130966,"API":"/login","message":"Login process starts for: 9568997343"}}
TypeError: Cannot read property 'fullName' of undefined
    at /home/user1/project/server/rateMe1.0.0/controllers/user.js:68:84
    at /home/user1/project/server/rateMe1.0.0/node_modules/mongoose/lib/model.js:4609:16
    at /home/user1/project/server/rateMe1.0.0/node_modules/mongoose/lib/query.js:4348:12
    at cb (/home/user1/project/server/rateMe1.0.0/node_modules/mongoose/lib/query.js:1901:14)
    at result (/home/user1/project/server/rateMe1.0.0/node_modules/mongodb/lib/operations/execute_operation.js:75:17)
    at executeCallback (/home/user1/project/server/rateMe1.0.0/node_modules/mongodb/lib/operations/execute_operation.js:68:9)
    at handleCallback (/home/user1/project/server/rateMe1.0.0/node_modules/mongodb/lib/utils.js:129:55)
    at cursor.close (/home/user1/project/server/rateMe1.0.0/node_modules/mongodb/lib/operations/to_array.js:36:13)
    at handleCallback (/home/user1/project/server/rateMe1.0.0/node_modules/mongodb/lib/utils.js:129:55)
    at completeClose (/home/user1/project/server/rateMe1.0.0/node_modules/mongodb/lib/cursor.js:859:16)
    at Cursor.close (/home/user1/project/server/rateMe1.0.0/node_modules/mongodb/lib/cursor.js:878:12)
    at cursor._next (/home/user1/project/server/rateMe1.0.0/node_modules/mongodb/lib/operations/to_array.js:35:25)
    at self._initializeCursor (/home/user1/project/server/rateMe1.0.0/node_modules/mongodb/lib/core/cursor.js:750:9)
    at handleCallback (/home/user1/project/server/rateMe1.0.0/node_modules/mongodb/lib/core/cursor.js:32:5)
    at _setCursorNotifiedImpl (/home/user1/project/server/rateMe1.0.0/node_modules/mongodb/lib/core/cursor.js:694:38)
    at self._endSession (/home/user1/project/server/rateMe1.0.0/node_modules/mongodb/lib/core/cursor.js:703:39)
2019-12-17 12:16:06: Server Running
2019-12-17 12:16:06: (node:12714) DeprecationWarning: collection.ensureIndex is deprecated. Use createIndexes instead.
2019-12-17 12:17:32: Server Running
2019-12-17 12:17:33: (node:12894) DeprecationWarning: collection.ensureIndex is deprecated. Use createIndexes instead.
2019-12-17 12:17:33: Server Running
2019-12-17 12:17:33: (node:12900) DeprecationWarning: collection.ensureIndex is deprecated. Use createIndexes instead.
2019-12-17 12:17:33: Server Running
2019-12-17 12:17:33: (node:12910) DeprecationWarning: collection.ensureIndex is deprecated. Use createIndexes instead.
2019-12-17 12:17:33: Server Running
2019-12-17 12:17:33: (node:12916) DeprecationWarning: collection.ensureIndex is deprecated. Use createIndexes instead.
2019-12-17 12:17:39: {"CLIENT-DATA":{"log-id":1025780,"API":"/login","user-agent":"Mozilla/5.0 (X11; Linux x86_64) AppleWebKit/537.36 (KHTML, like Gecko) Chrome/75.0.3770.142 Safari/537.36","ip":"::1"}}
2019-12-17 12:17:39: {"INFO":{"log-id":1025780,"API":"/login","message":"Login process starts for: 9568997343"}}
2019-12-17 12:17:39: {"SUCCESS":{"log-id":1025780,"API":"/login","message":"Login process Failed for: 9568997343"}}
2019-12-17 12:18:07: Server Running
2019-12-17 12:18:08: Server Running
2019-12-17 12:18:08: (node:13024) DeprecationWarning: collection.ensureIndex is deprecated. Use createIndexes instead.
2019-12-17 12:18:08: (node:13018) DeprecationWarning: collection.ensureIndex is deprecated. Use createIndexes instead.
2019-12-17 12:18:08: Server Running
2019-12-17 12:18:08: (node:13034) DeprecationWarning: collection.ensureIndex is deprecated. Use createIndexes instead.
2019-12-17 12:18:08: Server Running
2019-12-17 12:18:08: (node:13041) DeprecationWarning: collection.ensureIndex is deprecated. Use createIndexes instead.
2019-12-17 12:18:08: {"CLIENT-DATA":{"log-id":4600540,"API":"/login","user-agent":"Mozilla/5.0 (X11; Linux x86_64) AppleWebKit/537.36 (KHTML, like Gecko) Chrome/75.0.3770.142 Safari/537.36","ip":"::1"}}
2019-12-17 12:18:08: {"INFO":{"log-id":4600540,"API":"/login","message":"Login process starts for: 9568997343"}}
2019-12-17 12:18:08: {"SUCCESS":{"log-id":4600540,"API":"/login","message":"Login process Failed for: 9568997343"}}
2019-12-17 12:18:13: {"CLIENT-DATA":{"log-id":2879898,"API":"/login","user-agent":"Mozilla/5.0 (X11; Linux x86_64) AppleWebKit/537.36 (KHTML, like Gecko) Chrome/75.0.3770.142 Safari/537.36","ip":"::1"}}
2019-12-17 12:18:13: {"INFO":{"log-id":2879898,"API":"/login","message":"Login process starts for: 9568997343"}}
2019-12-17 12:18:13: {"SUCCESS":{"log-id":2879898,"API":"/login","message":"Login process SUCCESS for: Prateek Singh"}}
2019-12-17 12:32:48: Server Running
2019-12-17 12:32:48: (node:13539) DeprecationWarning: collection.ensureIndex is deprecated. Use createIndexes instead.
2019-12-17 12:32:48: Server Running
2019-12-17 12:32:48: (node:13533) DeprecationWarning: collection.ensureIndex is deprecated. Use createIndexes instead.
2019-12-17 12:32:49: Server Running
2019-12-17 12:32:49: (node:13556) DeprecationWarning: collection.ensureIndex is deprecated. Use createIndexes instead.
2019-12-17 12:32:49: Server Running
2019-12-17 12:32:49: (node:13549) DeprecationWarning: collection.ensureIndex is deprecated. Use createIndexes instead.
2019-12-17 12:32:49: {"CLIENT-DATA":{"log-id":9031821,"API":"/login","user-agent":"Mozilla/5.0 (X11; Linux x86_64) AppleWebKit/537.36 (KHTML, like Gecko) Chrome/75.0.3770.142 Safari/537.36","ip":"::1"}}
2019-12-17 12:32:49: {"INFO":{"log-id":9031821,"API":"/login","message":"Login process starts for: 9568997343"}}
2019-12-17 12:32:49: {"SUCCESS":{"log-id":9031821,"API":"/login","message":"Login process SUCCESS for: Prateek Singh"}}
2019-12-17 12:33:34: Server Running
2019-12-17 12:33:34: (node:13690) DeprecationWarning: collection.ensureIndex is deprecated. Use createIndexes instead.
2019-12-17 12:33:34: Server Running
2019-12-17 12:33:34: (node:13696) DeprecationWarning: collection.ensureIndex is deprecated. Use createIndexes instead.
2019-12-17 12:33:35: Server Running
2019-12-17 12:33:35: (node:13706) DeprecationWarning: collection.ensureIndex is deprecated. Use createIndexes instead.
2019-12-17 12:33:35: Server Running
2019-12-17 12:33:35: (node:13713) DeprecationWarning: collection.ensureIndex is deprecated. Use createIndexes instead.
2019-12-17 12:33:36: {"CLIENT-DATA":{"log-id":4876419,"API":"/login","user-agent":"Mozilla/5.0 (X11; Linux x86_64) AppleWebKit/537.36 (KHTML, like Gecko) Chrome/75.0.3770.142 Safari/537.36","ip":"::1"}}
2019-12-17 12:33:36: {"INFO":{"log-id":4876419,"API":"/login","message":"Login process starts for: 9568997343"}}
2019-12-17 12:33:37: {"SUCCESS":{"log-id":4876419,"API":"/login","message":"Login process SUCCESS for: Prateek Singh"}}
2019-12-17 12:36:34: Server Running
2019-12-17 12:36:34: (node:14060) DeprecationWarning: collection.ensureIndex is deprecated. Use createIndexes instead.
2019-12-17 12:36:34: Server Running
2019-12-17 12:36:34: (node:14054) DeprecationWarning: collection.ensureIndex is deprecated. Use createIndexes instead.
2019-12-17 12:36:34: Server Running
2019-12-17 12:36:34: (node:14070) DeprecationWarning: collection.ensureIndex is deprecated. Use createIndexes instead.
2019-12-17 12:36:34: Server Running
2019-12-17 12:36:34: {"CLIENT-DATA":{"log-id":9157019,"API":"/login","user-agent":"Mozilla/5.0 (X11; Linux x86_64) AppleWebKit/537.36 (KHTML, like Gecko) Chrome/75.0.3770.142 Safari/537.36","ip":"::1"}}
2019-12-17 12:36:34: (node:14071) DeprecationWarning: collection.ensureIndex is deprecated. Use createIndexes instead.
2019-12-17 12:36:34: {"INFO":{"log-id":9157019,"API":"/login","message":"Login process starts for: 9568997343"}}
2019-12-17 12:36:34: {"SUCCESS":{"log-id":9157019,"API":"/login","message":"Login process SUCCESS for: Prateek Singh"}}
2019-12-17 12:37:00: Server Running
2019-12-17 12:37:00: (node:14158) DeprecationWarning: collection.ensureIndex is deprecated. Use createIndexes instead.
2019-12-17 12:37:00: Server Running
2019-12-17 12:37:00: (node:14164) DeprecationWarning: collection.ensureIndex is deprecated. Use createIndexes instead.
2019-12-17 12:37:00: Server Running
2019-12-17 12:37:00: (node:14174) DeprecationWarning: collection.ensureIndex is deprecated. Use createIndexes instead.
2019-12-17 12:37:00: Server Running
2019-12-17 12:37:00: (node:14179) DeprecationWarning: collection.ensureIndex is deprecated. Use createIndexes instead.
2019-12-17 12:37:01: {"CLIENT-DATA":{"log-id":8383350,"API":"/login","user-agent":"Mozilla/5.0 (X11; Linux x86_64) AppleWebKit/537.36 (KHTML, like Gecko) Chrome/75.0.3770.142 Safari/537.36","ip":"::1"}}
2019-12-17 12:37:01: {"INFO":{"log-id":8383350,"API":"/login","message":"Login process starts for: 9568997343"}}
2019-12-17 12:37:01: {"SUCCESS":{"log-id":8383350,"API":"/login","message":"Login process SUCCESS for: Prateek Singh"}}
2019-12-17 12:37:07: {"CLIENT-DATA":{"log-id":6056501,"API":"/login","user-agent":"Mozilla/5.0 (X11; Linux x86_64) AppleWebKit/537.36 (KHTML, like Gecko) Chrome/75.0.3770.142 Safari/537.36","ip":"::1"}}
2019-12-17 12:37:07: {"INFO":{"log-id":6056501,"API":"/login","message":"Login process starts for: 9568997343"}}
2019-12-17 12:37:07: {"SUCCESS":{"log-id":6056501,"API":"/login","message":"Login process Failed for: 9568997343"}}
2019-12-17 13:18:07: Server Running
2019-12-17 13:18:07: (node:16184) DeprecationWarning: collection.ensureIndex is deprecated. Use createIndexes instead.
2019-12-17 13:18:07: Server Running
2019-12-17 13:18:07: (node:16178) DeprecationWarning: collection.ensureIndex is deprecated. Use createIndexes instead.
2019-12-17 13:18:07: Server Running
2019-12-17 13:18:07: (node:16194) DeprecationWarning: collection.ensureIndex is deprecated. Use createIndexes instead.
2019-12-17 13:18:07: Server Running
2019-12-17 13:18:07: (node:16201) DeprecationWarning: collection.ensureIndex is deprecated. Use createIndexes instead.
2019-12-17 13:18:12: {"CLIENT-DATA":{"log-id":4527301,"API":"/login","user-agent":"Mozilla/5.0 (X11; Linux x86_64) AppleWebKit/537.36 (KHTML, like Gecko) Chrome/75.0.3770.142 Safari/537.36","ip":"::1"}}
2019-12-17 13:18:12: {"INFO":{"log-id":4527301,"API":"/login","message":"Login process starts for: 9568997343"}}
2019-12-17 13:18:13: {"SUCCESS":{"log-id":4527301,"API":"/login","message":"Login process SUCCESS for: Prateek Singh"}}
2019-12-17 13:19:20: {"CLIENT-DATA":{"log-id":7788179,"API":"/login","user-agent":"Mozilla/5.0 (X11; Linux x86_64) AppleWebKit/537.36 (KHTML, like Gecko) Chrome/75.0.3770.142 Safari/537.36","ip":"::1"}}
2019-12-17 13:19:20: {"INFO":{"log-id":7788179,"API":"/login","message":"Login process starts for: 9568997343"}}
2019-12-17 13:19:20: {"SUCCESS":{"log-id":7788179,"API":"/login","message":"Login process SUCCESS for: Prateek Singh"}}
2019-12-17 13:19:51: Server Running
2019-12-17 13:19:51: (node:16332) DeprecationWarning: collection.ensureIndex is deprecated. Use createIndexes instead.
2019-12-17 13:19:51: Server Running
2019-12-17 13:19:51: (node:16325) DeprecationWarning: collection.ensureIndex is deprecated. Use createIndexes instead.
2019-12-17 13:19:51: Server Running
2019-12-17 13:19:51: (node:16341) DeprecationWarning: collection.ensureIndex is deprecated. Use createIndexes instead.
2019-12-17 13:19:51: Server Running
2019-12-17 13:19:51: (node:16348) DeprecationWarning: collection.ensureIndex is deprecated. Use createIndexes instead.
2019-12-17 13:19:55: {"CLIENT-DATA":{"log-id":2913748,"API":"/login","user-agent":"Mozilla/5.0 (X11; Linux x86_64) AppleWebKit/537.36 (KHTML, like Gecko) Chrome/75.0.3770.142 Safari/537.36","ip":"::1"}}
2019-12-17 13:19:55: {"INFO":{"log-id":2913748,"API":"/login","message":"Login process starts for: 9568997343"}}
2019-12-17 13:19:55: {"SUCCESS":{"log-id":2913748,"API":"/login","message":"Login process SUCCESS for: Prateek Singh"}}
2019-12-17 14:09:35: {"CLIENT-DATA":{"log-id":9353953,"API":"/login","user-agent":"Mozilla/5.0 (X11; Linux x86_64) AppleWebKit/537.36 (KHTML, like Gecko) Chrome/75.0.3770.142 Safari/537.36","ip":"::1"}}
2019-12-17 14:09:35: {"INFO":{"log-id":9353953,"API":"/login","message":"Login process starts for: 9568997343"}}
2019-12-17 14:09:35: {"SUCCESS":{"log-id":9353953,"API":"/login","message":"Login process SUCCESS for: Prateek Singh"}}
2019-12-17 14:31:25: Server Running
2019-12-17 14:31:25: (node:19170) DeprecationWarning: collection.ensureIndex is deprecated. Use createIndexes instead.
2019-12-17 14:31:25: Server Running
2019-12-17 14:31:25: (node:19163) DeprecationWarning: collection.ensureIndex is deprecated. Use createIndexes instead.
2019-12-17 14:31:25: Server Running
2019-12-17 14:31:25: (node:19179) DeprecationWarning: collection.ensureIndex is deprecated. Use createIndexes instead.
2019-12-17 14:31:25: Server Running
2019-12-17 14:31:25: (node:19186) DeprecationWarning: collection.ensureIndex is deprecated. Use createIndexes instead.
2019-12-17 14:31:28: {"CLIENT-DATA":{"log-id":3120172,"API":"/login","user-agent":"Mozilla/5.0 (X11; Linux x86_64) AppleWebKit/537.36 (KHTML, like Gecko) Chrome/75.0.3770.142 Safari/537.36","ip":"::1"}}
2019-12-17 14:31:28: {"INFO":{"log-id":3120172,"API":"/login","message":"Login process starts for: 9568997343"}}
2019-12-17 14:31:28: {"SUCCESS":{"log-id":3120172,"API":"/login","message":"Login process SUCCESS for: Prateek Singh"}}
2019-12-17 14:31:47: Server Running
2019-12-17 14:31:47: (node:19254) DeprecationWarning: collection.ensureIndex is deprecated. Use createIndexes instead.
2019-12-17 14:31:47: Server Running
2019-12-17 14:31:47: (node:19248) DeprecationWarning: collection.ensureIndex is deprecated. Use createIndexes instead.
2019-12-17 14:31:47: Server Running
2019-12-17 14:31:47: (node:19268) DeprecationWarning: collection.ensureIndex is deprecated. Use createIndexes instead.
2019-12-17 14:31:47: Server Running
2019-12-17 14:31:47: (node:19266) DeprecationWarning: collection.ensureIndex is deprecated. Use createIndexes instead.
2019-12-17 14:31:59: {"CLIENT-DATA":{"log-id":6071661,"API":"/user","user-agent":"Mozilla/5.0 (X11; Linux x86_64) AppleWebKit/537.36 (KHTML, like Gecko) Chrome/75.0.3770.142 Safari/537.36","ip":"::1"}}
2019-12-17 14:31:59: {"INFO":{"log-id":6071661,"API":"/user","message":"Login process starts for: undefined"}}
2019-12-17 14:31:59: {"SUCCESS":{"log-id":6071661,"API":"/user","message":"Get User SUCCESS for: Prateek Singh"}}
2019-12-17 14:32:00: Server Running
2019-12-17 14:32:00: (node:19304) DeprecationWarning: collection.ensureIndex is deprecated. Use createIndexes instead.
2019-12-17 14:33:36: {"CLIENT-DATA":{"log-id":3910316,"API":"/login","user-agent":"Mozilla/5.0 (X11; Linux x86_64) AppleWebKit/537.36 (KHTML, like Gecko) Chrome/75.0.3770.142 Safari/537.36","ip":"::1"}}
2019-12-17 14:33:36: {"INFO":{"log-id":3910316,"API":"/login","message":"Login process starts for: 9568997343"}}
2019-12-17 14:33:36: {"SUCCESS":{"log-id":3910316,"API":"/login","message":"Login process SUCCESS for: Prateek Singh"}}
2019-12-17 14:33:46: {"CLIENT-DATA":{"log-id":4603184,"API":"/user","user-agent":"Mozilla/5.0 (X11; Linux x86_64) AppleWebKit/537.36 (KHTML, like Gecko) Chrome/75.0.3770.142 Safari/537.36","ip":"::1"}}
2019-12-17 14:33:46: {"INFO":{"log-id":4603184,"API":"/user","message":"Login process starts for: undefined"}}
2019-12-17 14:33:47: Server Running
2019-12-17 14:33:47: (node:19341) DeprecationWarning: collection.ensureIndex is deprecated. Use createIndexes instead.
2019-12-17 14:34:54: Server Running
2019-12-17 14:34:54: (node:19477) DeprecationWarning: collection.ensureIndex is deprecated. Use createIndexes instead.
2019-12-17 14:34:54: Server Running
2019-12-17 14:34:54: (node:19471) DeprecationWarning: collection.ensureIndex is deprecated. Use createIndexes instead.
2019-12-17 14:34:54: (node:19502) DeprecationWarning: collection.ensureIndex is deprecated. Use createIndexes instead.
2019-12-17 14:34:54: Server Running
2019-12-17 14:34:54: Server Running
2019-12-17 14:34:54: (node:19487) DeprecationWarning: collection.ensureIndex is deprecated. Use createIndexes instead.
2019-12-17 14:34:59: {"CLIENT-DATA":{"log-id":5935870,"API":"/login","user-agent":"Mozilla/5.0 (X11; Linux x86_64) AppleWebKit/537.36 (KHTML, like Gecko) Chrome/75.0.3770.142 Safari/537.36","ip":"::1"}}
2019-12-17 14:34:59: {"INFO":{"log-id":5935870,"API":"/login","message":"Login process starts for: 9568997343"}}
2019-12-17 14:34:59: {"SUCCESS":{"log-id":5935870,"API":"/login","message":"Login process SUCCESS for: Prateek Singh"}}
2019-12-17 14:35:08: {"CLIENT-DATA":{"log-id":8971144,"API":"/user","user-agent":"Mozilla/5.0 (X11; Linux x86_64) AppleWebKit/537.36 (KHTML, like Gecko) Chrome/75.0.3770.142 Safari/537.36","ip":"::1"}}
2019-12-17 14:35:08: {"INFO":{"log-id":8971144,"API":"/user","message":"Fetch User details process starts for: 5dea370587da2c785db95f70"}}
2019-12-17 14:35:08: {"SUCCESS":{"log-id":8971144,"API":"/user","message":"Get User SUCCESS for: Prateek Singh"}}
2019-12-17 14:35:09: Server Running
2019-12-17 14:35:09: (node:19531) DeprecationWarning: collection.ensureIndex is deprecated. Use createIndexes instead.
2019-12-17 14:35:28: Server Running
2019-12-17 14:35:28: (node:19597) DeprecationWarning: collection.ensureIndex is deprecated. Use createIndexes instead.
2019-12-17 14:35:28: Server Running
2019-12-17 14:35:28: (node:19590) DeprecationWarning: collection.ensureIndex is deprecated. Use createIndexes instead.
2019-12-17 14:35:29: Server Running
2019-12-17 14:35:29: (node:19610) DeprecationWarning: collection.ensureIndex is deprecated. Use createIndexes instead.
2019-12-17 14:35:29: Server Running
2019-12-17 14:35:29: (node:19616) DeprecationWarning: collection.ensureIndex is deprecated. Use createIndexes instead.
2019-12-17 14:35:29: {"CLIENT-DATA":{"log-id":8472451,"API":"/user","user-agent":"Mozilla/5.0 (X11; Linux x86_64) AppleWebKit/537.36 (KHTML, like Gecko) Chrome/75.0.3770.142 Safari/537.36","ip":"::1"}}
2019-12-17 14:35:29: {"INFO":{"log-id":8472451,"API":"/user","message":"Fetch User details process starts for: 1234"}}
2019-12-17 14:35:29: {"ERROR":{"log-id":8472451,"API":"/user","message":{"message":"Cast to ObjectId failed for value \"1234\" at path \"_id\" for model \"User\"","name":"CastError","stringValue":"\"1234\"","kind":"ObjectId","value":"1234","path":"_id"}}}
2019-12-17 14:36:30: Server Running
2019-12-17 14:36:31: Server Running
2019-12-17 14:36:31: (node:19724) DeprecationWarning: collection.ensureIndex is deprecated. Use createIndexes instead.
2019-12-17 14:36:31: (node:19730) DeprecationWarning: collection.ensureIndex is deprecated. Use createIndexes instead.
2019-12-17 14:36:31: Server Running
2019-12-17 14:36:31: Server Running
2019-12-17 14:36:31: (node:19741) DeprecationWarning: collection.ensureIndex is deprecated. Use createIndexes instead.
2019-12-17 14:36:31: (node:19740) DeprecationWarning: collection.ensureIndex is deprecated. Use createIndexes instead.
2019-12-17 14:36:34: {"CLIENT-DATA":{"log-id":9223666,"API":"/login","user-agent":"Mozilla/5.0 (X11; Linux x86_64) AppleWebKit/537.36 (KHTML, like Gecko) Chrome/75.0.3770.142 Safari/537.36","ip":"::1"}}
2019-12-17 14:36:34: {"INFO":{"log-id":9223666,"API":"/login","message":"Login process starts for: 9568997343"}}
2019-12-17 14:36:34: {"SUCCESS":{"log-id":9223666,"API":"/login","message":"Login process SUCCESS for: Prateek Singh"}}
2019-12-17 14:36:43: {"CLIENT-DATA":{"log-id":6781868,"API":"/user","user-agent":"Mozilla/5.0 (X11; Linux x86_64) AppleWebKit/537.36 (KHTML, like Gecko) Chrome/75.0.3770.142 Safari/537.36","ip":"::1"}}
2019-12-17 14:36:43: {"INFO":{"log-id":6781868,"API":"/user","message":"Fetch User details process starts for: 1234"}}
2019-12-17 14:36:43: {"ERROR":{"log-id":6781868,"API":"/user","message":{"message":"Cast to ObjectId failed for value \"1234\" at path \"_id\" for model \"User\"","name":"CastError","stringValue":"\"1234\"","kind":"ObjectId","value":"1234","path":"_id"}}}
2019-12-17 14:37:33: Server Running
2019-12-17 14:37:33: Server Running
2019-12-17 14:37:33: (node:19919) DeprecationWarning: collection.ensureIndex is deprecated. Use createIndexes instead.
2019-12-17 14:37:33: (node:19913) DeprecationWarning: collection.ensureIndex is deprecated. Use createIndexes instead.
2019-12-17 14:37:33: Server Running
2019-12-17 14:37:33: Server Running
2019-12-17 14:37:33: (node:19929) DeprecationWarning: collection.ensureIndex is deprecated. Use createIndexes instead.
2019-12-17 14:37:33: (node:19935) DeprecationWarning: collection.ensureIndex is deprecated. Use createIndexes instead.
2019-12-17 14:37:38: {"CLIENT-DATA":{"log-id":5721437,"API":"/login","user-agent":"Mozilla/5.0 (X11; Linux x86_64) AppleWebKit/537.36 (KHTML, like Gecko) Chrome/75.0.3770.142 Safari/537.36","ip":"::1"}}
2019-12-17 14:37:38: {"INFO":{"log-id":5721437,"API":"/login","message":"Login process starts for: 9568997343"}}
2019-12-17 14:37:38: {"SUCCESS":{"log-id":5721437,"API":"/login","message":"Login process SUCCESS for: Prateek Singh"}}
2019-12-17 14:37:48: {"CLIENT-DATA":{"log-id":4528486,"API":"/user","user-agent":"Mozilla/5.0 (X11; Linux x86_64) AppleWebKit/537.36 (KHTML, like Gecko) Chrome/75.0.3770.142 Safari/537.36","ip":"::1"}}
2019-12-17 14:37:48: {"INFO":{"log-id":4528486,"API":"/user","message":"Fetch User details process starts for: 5dea370587da2c785db95f70"}}
2019-12-17 14:37:48: {"SUCCESS":{"log-id":4528486,"API":"/user","message":"Get User SUCCESS for: Prateek Singh"}}
2019-12-17 14:37:49: Server Running
2019-12-17 14:37:49: (node:19967) DeprecationWarning: collection.ensureIndex is deprecated. Use createIndexes instead.
2019-12-17 14:38:04: {"CLIENT-DATA":{"log-id":9135740,"API":"/user","user-agent":"Mozilla/5.0 (X11; Linux x86_64) AppleWebKit/537.36 (KHTML, like Gecko) Chrome/75.0.3770.142 Safari/537.36","ip":"::1"}}
2019-12-17 14:38:04: {"INFO":{"log-id":9135740,"API":"/user","message":"Fetch User details process starts for: 5dea370587da2c785db95f70"}}
2019-12-17 14:38:04: {"SUCCESS":{"log-id":9135740,"API":"/user","message":"Get User SUCCESS for: Prateek Singh"}}
2019-12-17 14:38:04: Server Running
2019-12-17 14:38:04: (node:19989) DeprecationWarning: collection.ensureIndex is deprecated. Use createIndexes instead.
2019-12-17 14:41:00: Server Running
2019-12-17 14:41:00: (node:20269) DeprecationWarning: collection.ensureIndex is deprecated. Use createIndexes instead.
2019-12-17 14:41:00: Server Running
2019-12-17 14:41:00: (node:20275) DeprecationWarning: collection.ensureIndex is deprecated. Use createIndexes instead.
2019-12-17 14:41:00: Server Running
2019-12-17 14:41:00: (node:20286) DeprecationWarning: collection.ensureIndex is deprecated. Use createIndexes instead.
2019-12-17 14:41:00: Server Running
2019-12-17 14:41:00: (node:20293) DeprecationWarning: collection.ensureIndex is deprecated. Use createIndexes instead.
2019-12-17 14:41:06: {"CLIENT-DATA":{"log-id":2833954,"API":"/login","user-agent":"Mozilla/5.0 (X11; Linux x86_64) AppleWebKit/537.36 (KHTML, like Gecko) Chrome/75.0.3770.142 Safari/537.36","ip":"::1"}}
2019-12-17 14:41:06: {"INFO":{"log-id":2833954,"API":"/login","message":"Login process starts for: 9568997343"}}
2019-12-17 14:41:06: {"SUCCESS":{"log-id":2833954,"API":"/login","message":"Login process SUCCESS for: Prateek Singh"}}
2019-12-17 14:41:18: {"CLIENT-DATA":{"log-id":4504832,"API":"/user","user-agent":"Mozilla/5.0 (X11; Linux x86_64) AppleWebKit/537.36 (KHTML, like Gecko) Chrome/75.0.3770.142 Safari/537.36","ip":"::1"}}
2019-12-17 14:41:18: {"INFO":{"log-id":4504832,"API":"/user","message":"Fetch User details process starts for: 5dea370587da2c785db95f70"}}
2019-12-17 14:41:18: {"SUCCESS":{"log-id":4504832,"API":"/user","message":"Get User SUCCESS for: Prateek Singh"}}
2019-12-17 14:41:18: Server Running
2019-12-17 14:41:18: (node:20330) DeprecationWarning: collection.ensureIndex is deprecated. Use createIndexes instead.
2019-12-17 14:41:35: Server Running
2019-12-17 14:41:35: (node:20371) DeprecationWarning: collection.ensureIndex is deprecated. Use createIndexes instead.
2019-12-17 14:41:35: Server Running
2019-12-17 14:41:35: (node:20377) DeprecationWarning: collection.ensureIndex is deprecated. Use createIndexes instead.
2019-12-17 14:41:35: Server Running
2019-12-17 14:41:35: Server Running
2019-12-17 14:41:35: (node:20387) DeprecationWarning: collection.ensureIndex is deprecated. Use createIndexes instead.
2019-12-17 14:41:35: (node:20393) DeprecationWarning: collection.ensureIndex is deprecated. Use createIndexes instead.
2019-12-17 14:41:36: {"CLIENT-DATA":{"log-id":2639133,"API":"/user","user-agent":"Mozilla/5.0 (X11; Linux x86_64) AppleWebKit/537.36 (KHTML, like Gecko) Chrome/75.0.3770.142 Safari/537.36","ip":"::1"}}
2019-12-17 14:41:36: {"INFO":{"log-id":2639133,"API":"/user","message":"Fetch User details process starts for: 5dea370587da2c785db95f70"}}
2019-12-17 14:41:36: {"SUCCESS":{"log-id":2639133,"API":"/user","message":"Get User SUCCESS for: Prateek Singh"}}
2019-12-17 14:42:01: {"CLIENT-DATA":{"log-id":3388107,"API":"/user","user-agent":"Mozilla/5.0 (X11; Linux x86_64) AppleWebKit/537.36 (KHTML, like Gecko) Chrome/75.0.3770.142 Safari/537.36","ip":"::1"}}
2019-12-17 14:42:01: {"INFO":{"log-id":3388107,"API":"/user","message":"Fetch User details process starts for: 5dea370587da2c785db95f70"}}
2019-12-17 14:42:01: {"SUCCESS":{"log-id":3388107,"API":"/user","message":"Get User SUCCESS for: Prateek Singh"}}
2019-12-17 14:42:04: {"CLIENT-DATA":{"log-id":5481603,"API":"/user","user-agent":"Mozilla/5.0 (X11; Linux x86_64) AppleWebKit/537.36 (KHTML, like Gecko) Chrome/75.0.3770.142 Safari/537.36","ip":"::1"}}
2019-12-17 14:42:04: {"INFO":{"log-id":5481603,"API":"/user","message":"Fetch User details process starts for: 5dea370587da2c785db95f70"}}
2019-12-17 14:42:04: {"SUCCESS":{"log-id":5481603,"API":"/user","message":"Get User SUCCESS for: Prateek Singh"}}
2019-12-17 14:42:05: {"CLIENT-DATA":{"log-id":6703777,"API":"/user","user-agent":"Mozilla/5.0 (X11; Linux x86_64) AppleWebKit/537.36 (KHTML, like Gecko) Chrome/75.0.3770.142 Safari/537.36","ip":"::1"}}
2019-12-17 14:42:05: {"INFO":{"log-id":6703777,"API":"/user","message":"Fetch User details process starts for: 5dea370587da2c785db95f70"}}
2019-12-17 14:42:05: {"SUCCESS":{"log-id":6703777,"API":"/user","message":"Get User SUCCESS for: Prateek Singh"}}
2019-12-17 14:42:05: {"CLIENT-DATA":{"log-id":3038649,"API":"/user","user-agent":"Mozilla/5.0 (X11; Linux x86_64) AppleWebKit/537.36 (KHTML, like Gecko) Chrome/75.0.3770.142 Safari/537.36","ip":"::1"}}
2019-12-17 14:42:05: {"INFO":{"log-id":3038649,"API":"/user","message":"Fetch User details process starts for: 5dea370587da2c785db95f70"}}
2019-12-17 14:42:05: {"SUCCESS":{"log-id":3038649,"API":"/user","message":"Get User SUCCESS for: Prateek Singh"}}
2019-12-17 14:42:58: Server Running
2019-12-17 14:42:58: (node:20469) DeprecationWarning: collection.ensureIndex is deprecated. Use createIndexes instead.
2019-12-17 14:42:58: Server Running
2019-12-17 14:42:58: (node:20475) DeprecationWarning: collection.ensureIndex is deprecated. Use createIndexes instead.
2019-12-17 14:42:58: Server Running
2019-12-17 14:42:58: (node:20487) DeprecationWarning: collection.ensureIndex is deprecated. Use createIndexes instead.
2019-12-17 14:42:58: Server Running
2019-12-17 14:42:58: (node:20493) DeprecationWarning: collection.ensureIndex is deprecated. Use createIndexes instead.
2019-12-17 14:43:07: {"CLIENT-DATA":{"log-id":8397365,"API":"/login","ip":"::1"}}
2019-12-17 14:43:07: {"INFO":{"log-id":8397365,"API":"/login","message":"Login process starts for: 9568997343"}}
2019-12-17 14:43:07: {"SUCCESS":{"log-id":8397365,"API":"/login","message":"Login process SUCCESS for: Prateek Singh"}}
2019-12-17 14:47:19: Server Running
2019-12-17 14:47:19: (node:20876) DeprecationWarning: collection.ensureIndex is deprecated. Use createIndexes instead.
2019-12-17 14:47:19: Server Running
2019-12-17 14:47:19: (node:20870) DeprecationWarning: collection.ensureIndex is deprecated. Use createIndexes instead.
2019-12-17 14:47:20: Server Running
2019-12-17 14:47:20: Server Running
2019-12-17 14:47:20: (node:20886) DeprecationWarning: collection.ensureIndex is deprecated. Use createIndexes instead.
2019-12-17 14:47:20: (node:20888) DeprecationWarning: collection.ensureIndex is deprecated. Use createIndexes instead.
2019-12-17 14:47:22: {"CLIENT-DATA":{"log-id":2527365,"API":"/login","ip":"::1"}}
2019-12-17 14:47:22: {"INFO":{"log-id":2527365,"API":"/login","message":"Login process starts for: 9568997343"}}
2019-12-17 14:47:22: {"SUCCESS":{"log-id":2527365,"API":"/login","message":"Login process SUCCESS for: Prateek Singh"}}
2019-12-17 14:48:17: Server Running
2019-12-17 14:48:17: (node:21011) DeprecationWarning: collection.ensureIndex is deprecated. Use createIndexes instead.
2019-12-17 14:48:17: Server Running
2019-12-17 14:48:17: {"INFO":{"log-id":2181589,"API":"/user","message":"Authentication process starts for: eyJhbGciOiJIUzI1NiIsInR5cCI6IkpXVCJ9.eyJ1c2VySWQiOiI1ZGVhMzcwNTg3ZGEyYzc4NWRiOTVmNzAiLCJpYXQiOjE1NzY1NzQyNDIsImV4cCI6MTU3NjU3NDMwMn0.BflFpdhVN9rO-12FLuAjUTwkLw9puJplsfcbnZHEZPk"}}
2019-12-17 14:48:17: (node:21017) DeprecationWarning: collection.ensureIndex is deprecated. Use createIndexes instead.
2019-12-17 14:48:17: {"SUCCESS":{"log-id":2181589,"API":"/user","message":"Authentication process Success for: 5dea370587da2c785db95f70"}}
2019-12-17 14:48:17: {"CLIENT-DATA":{"log-id":1835536,"API":"/user","ip":"::1"}}
2019-12-17 14:48:17: {"INFO":{"log-id":1835536,"API":"/user","message":"Fetch User details process starts for: 5dea370587da2c785db95f70"}}
2019-12-17 14:48:17: {"SUCCESS":{"log-id":1835536,"API":"/user","message":"Get User SUCCESS for: Prateek Singh"}}
2019-12-17 14:48:18: Server Running
2019-12-17 14:48:18: (node:21034) DeprecationWarning: collection.ensureIndex is deprecated. Use createIndexes instead.
2019-12-17 14:48:18: Server Running
2019-12-17 14:48:18: (node:21027) DeprecationWarning: collection.ensureIndex is deprecated. Use createIndexes instead.
2019-12-17 14:48:26: {"INFO":{"log-id":6317653,"API":"/user","message":"Authentication process starts for: eyJhbGciOiJIUzI1NiIsInR5cCI6IkpXVCJ9.eyJ1c2VySWQiOiI1ZGVhMzcwNTg3ZGEyYzc4NWRiOTVmNzAiLCJpYXQiOjE1NzY1NzQyNDIsImV4cCI6MTU3NjU3NDMwMn0.BflFpdhVN9rO-12FLuAjUTwkLw9puJplsfcbnZHEZPk"}}
2019-12-17 14:48:41: {"INFO":{"log-id":1590696,"API":"/user","message":"Authentication process starts for: eyJhbGciOiJIUzI1NiIsInR5cCI6IkpXVCJ9.eyJ1c2VySWQiOiI1ZGVhMzcwNTg3ZGEyYzc4NWRiOTVmNzAiLCJpYXQiOjE1NzY1NzQyNDIsImV4cCI6MTU3NjU3NDMwMn0.BflFpdhVN9rO-12FLuAjUTwkLw9puJplsfcbnZHEZPk"}}
2019-12-17 14:49:53: Server Running
2019-12-17 14:49:53: (node:21149) DeprecationWarning: collection.ensureIndex is deprecated. Use createIndexes instead.
2019-12-17 14:49:53: Server Running
2019-12-17 14:49:53: (node:21155) DeprecationWarning: collection.ensureIndex is deprecated. Use createIndexes instead.
2019-12-17 14:49:53: Server Running
2019-12-17 14:49:53: (node:21165) DeprecationWarning: collection.ensureIndex is deprecated. Use createIndexes instead.
2019-12-17 14:49:53: Server Running
2019-12-17 14:49:53: (node:21167) DeprecationWarning: collection.ensureIndex is deprecated. Use createIndexes instead.
2019-12-17 14:49:53: {"INFO":{"log-id":9038137,"API":"/user","message":"Authentication process starts for: eyJhbGciOiJIUzI1NiIsInR5cCI6IkpXVCJ9.eyJ1c2VySWQiOiI1ZGVhMzcwNTg3ZGEyYzc4NWRiOTVmNzAiLCJpYXQiOjE1NzY1NzQyNDIsImV4cCI6MTU3NjU3NDMwMn0.BflFpdhVN9rO-12FLuAjUTwkLw9puJplsfcbnZHEZPk"}}
2019-12-17 14:49:54: {"ERROR":{"log-id":9038137,"API":"/user","message":"Authentication token Invalid: eyJhbGciOiJIUzI1NiIsInR5cCI6IkpXVCJ9.eyJ1c2VySWQiOiI1ZGVhMzcwNTg3ZGEyYzc4NWRiOTVmNzAiLCJpYXQiOjE1NzY1NzQyNDIsImV4cCI6MTU3NjU3NDMwMn0.BflFpdhVN9rO-12FLuAjUTwkLw9puJplsfcbnZHEZPk"}}
2019-12-17 14:50:08: {"INFO":{"log-id":3597390,"API":"/user","message":"Authentication process starts for: eyJhbGciOiJIUzI1NiIsInR5cCI6IkpXVCJ9.eyJ1c2VySWQiOiI1ZGVhMzcwNTg3ZGEyYzc4NWRiOTVmNzAiLCJpYXQiOjE1NzY1NzQyNDIsImV4cCI6MTU3NjU3NDMwMn0.BflFpdhVN9rO-12FLuAjUTwkLw9puJplsfcbnZHEZPk"}}
2019-12-17 14:50:08: {"ERROR":{"log-id":3597390,"API":"/user","message":"Authentication token Invalid: eyJhbGciOiJIUzI1NiIsInR5cCI6IkpXVCJ9.eyJ1c2VySWQiOiI1ZGVhMzcwNTg3ZGEyYzc4NWRiOTVmNzAiLCJpYXQiOjE1NzY1NzQyNDIsImV4cCI6MTU3NjU3NDMwMn0.BflFpdhVN9rO-12FLuAjUTwkLw9puJplsfcbnZHEZPk"}}
2019-12-17 14:50:18: {"CLIENT-DATA":{"log-id":1845245,"API":"/login","ip":"::1"}}
2019-12-17 14:50:18: {"INFO":{"log-id":1845245,"API":"/login","message":"Login process starts for: 9568997343"}}
2019-12-17 14:50:18: {"SUCCESS":{"log-id":1845245,"API":"/login","message":"Login process SUCCESS for: Prateek Singh"}}
2019-12-17 14:50:29: {"INFO":{"log-id":4495195,"API":"/user","message":"Authentication process starts for: eyJhbGciOiJIUzI1NiIsInR5cCI6IkpXVCJ9.eyJ1c2VySWQiOiI1ZGVhMzcwNTg3ZGEyYzc4NWRiOTVmNzAiLCJpYXQiOjE1NzY1NzQ0MTgsImV4cCI6MTU3NjU3NDQ3OH0.yoMgokIcrceCBZujI3_GwULVntAJRPBAHgwFBBUYhDs"}}
2019-12-17 14:50:29: {"SUCCESS":{"log-id":4495195,"API":"/user","message":"Authentication process Success for: 5dea370587da2c785db95f70"}}
2019-12-17 14:50:29: {"CLIENT-DATA":{"log-id":5465651,"API":"/user","ip":"::1"}}
2019-12-17 14:50:29: {"INFO":{"log-id":5465651,"API":"/user","message":"Fetch User details process starts for: 5dea370587da2c785db95f70"}}
2019-12-17 14:50:29: {"SUCCESS":{"log-id":5465651,"API":"/user","message":"Get User SUCCESS for: Prateek Singh"}}
2019-12-17 14:50:34: {"INFO":{"log-id":4609446,"API":"/user","message":"Authentication process starts for: eyJhbGciOiJIUzI1NiIsInR5cCI6IkpXVCJ9.eyJ1c2VySWQiOiI1ZGVhMzcwNTg3ZGEyYzc4NWRiOTVmNzAiLCJpYXQiOjE1NzY1NzQ0MTgsImV4cCI6MTU3NjU3NDQ3OH0.yoMgokIcrceCBZujI3_GwULVntAJRPBAHgwFBBUYhDs"}}
2019-12-17 14:50:34: {"SUCCESS":{"log-id":4609446,"API":"/user","message":"Authentication process Success for: 5dea370587da2c785db95f70"}}
2019-12-17 14:50:34: {"CLIENT-DATA":{"log-id":8237931,"API":"/user","ip":"::1"}}
2019-12-17 14:50:34: {"INFO":{"log-id":8237931,"API":"/user","message":"Fetch User details process starts for: 5dea370587da2c785db95f70"}}
2019-12-17 14:50:34: {"SUCCESS":{"log-id":8237931,"API":"/user","message":"Get User SUCCESS for: Prateek Singh"}}
